# JRE version: Java(TM) SE Runtime Environment (7.0_40-b43) (build 1.7.0_40-b43)
# Java VM: Java HotSpot(TM) 64-Bit Server VM (24.0-b56 mixed mode windows-amd64 compressed oops)
Heap
 PSYoungGen      total 19456K, used 10767K [0x00000000eae80000, 0x00000000ed480000, 0x0000000100000000)
  eden space 16896K, 49% used [0x00000000eae80000,0x00000000eb69b538,0x00000000ebf00000)
  from space 2560K, 96% used [0x00000000ec180000,0x00000000ec3e8868,0x00000000ec400000)
  to   space 2560K, 0% used [0x00000000ebf00000,0x00000000ebf00000,0x00000000ec180000)
 ParOldGen       total 43008K, used 13093K [0x00000000c0c00000, 0x00000000c3600000, 0x00000000eae80000)
  object space 43008K, 30% used [0x00000000c0c00000,0x00000000c18c9590,0x00000000c3600000)
 PSPermGen       total 21504K, used 16032K [0x00000000bba00000, 0x00000000bcf00000, 0x00000000c0c00000)
  object space 21504K, 74% used [0x00000000bba00000,0x00000000bc9a82e0,0x00000000bcf00000)
GC Heap History (4 events):
Event: 6.593 GC heap before
{Heap before GC invocations=1 (full 0):
 PSYoungGen      total 19456K, used 16603K [0x00000000eae80000, 0x00000000ec400000, 0x0000000100000000)
  eden space 16896K, 98% used [0x00000000eae80000,0x00000000ebeb6de8,0x00000000ebf00000)
  from space 2560K, 0% used [0x00000000ec180000,0x00000000ec180000,0x00000000ec400000)
  to   space 2560K, 0% used [0x00000000ebf00000,0x00000000ebf00000,0x00000000ec180000)
 ParOldGen       total 43008K, used 0K [0x00000000c0c00000, 0x00000000c3600000, 0x00000000eae80000)
  object space 43008K, 0% used [0x00000000c0c00000,0x00000000c0c00000,0x00000000c3600000)
 PSPermGen       total 21504K, used 15712K [0x00000000bba00000, 0x00000000bcf00000, 0x00000000c0c00000)
  object space 21504K, 73% used [0x00000000bba00000,0x00000000bc9583d0,0x00000000bcf00000)
Event: 6.614 GC heap after
Heap after GC invocations=1 (full 0):
 PSYoungGen      total 19456K, used 2542K [0x00000000eae80000, 0x00000000ec400000, 0x0000000100000000)
  eden space 16896K, 0% used [0x00000000eae80000,0x00000000eae80000,0x00000000ebf00000)
  from space 2560K, 99% used [0x00000000ebf00000,0x00000000ec17b878,0x00000000ec180000)
  to   space 2560K, 0% used [0x00000000ec180000,0x00000000ec180000,0x00000000ec400000)
 ParOldGen       total 43008K, used 4676K [0x00000000c0c00000, 0x00000000c3600000, 0x00000000eae80000)
  object space 43008K, 10% used [0x00000000c0c00000,0x00000000c1091330,0x00000000c3600000)
 PSPermGen       total 21504K, used 15712K [0x00000000bba00000, 0x00000000bcf00000, 0x00000000c0c00000)
  object space 21504K, 73% used [0x00000000bba00000,0x00000000bc9583d0,0x00000000bcf00000)
}
Event: 6.675 GC heap before
{Heap before GC invocations=2 (full 0):
 PSYoungGen      total 19456K, used 19438K [0x00000000eae80000, 0x00000000ec400000, 0x0000000100000000)
  eden space 16896K, 100% used [0x00000000eae80000,0x00000000ebf00000,0x00000000ebf00000)
  from space 2560K, 99% used [0x00000000ebf00000,0x00000000ec17b878,0x00000000ec180000)
  to   space 2560K, 0% used [0x00000000ec180000,0x00000000ec180000,0x00000000ec400000)
 ParOldGen       total 43008K, used 4676K [0x00000000c0c00000, 0x00000000c3600000, 0x00000000eae80000)
  object space 43008K, 10% used [0x00000000c0c00000,0x00000000c1091330,0x00000000c3600000)
 PSPermGen       total 21504K, used 15715K [0x00000000bba00000, 0x00000000bcf00000, 0x00000000c0c00000)
  object space 21504K, 73% used [0x00000000bba00000,0x00000000bc958db0,0x00000000bcf00000)
Event: 6.688 GC heap after
Heap after GC invocations=2 (full 0):
 PSYoungGen      total 19456K, used 2466K [0x00000000eae80000, 0x00000000ed480000, 0x0000000100000000)
  eden space 16896K, 0% used [0x00000000eae80000,0x00000000eae80000,0x00000000ebf00000)
  from space 2560K, 96% used [0x00000000ec180000,0x00000000ec3e8868,0x00000000ec400000)
  to   space 2560K, 0% used [0x00000000ebf00000,0x00000000ebf00000,0x00000000ec180000)
 ParOldGen       total 43008K, used 13093K [0x00000000c0c00000, 0x00000000c3600000, 0x00000000eae80000)
  object space 43008K, 30% used [0x00000000c0c00000,0x00000000c18c9590,0x00000000c3600000)
 PSPermGen       total 21504K, used 15715K [0x00000000bba00000, 0x00000000bcf00000, 0x00000000c0c00000)
  object space 21504K, 73% used [0x00000000bba00000,0x00000000bc958db0,0x00000000bcf00000)
}

