# JRE version: Java(TM) SE Runtime Environment (7.0_40-b43) (build 1.7.0_40-b43)
# Java VM: Java HotSpot(TM) 64-Bit Server VM (24.0-b56 mixed mode windows-amd64 compressed oops)
Heap
 PSYoungGen      total 19456K, used 10706K [0x00000000eae80000, 0x00000000ed480000, 0x0000000100000000)
  eden space 16896K, 50% used [0x00000000eae80000,0x00000000eb6c41a8,0x00000000ebf00000)
  from space 2560K, 87% used [0x00000000ec180000,0x00000000ec3b0838,0x00000000ec400000)
  to   space 2560K, 0% used [0x00000000ebf00000,0x00000000ebf00000,0x00000000ec180000)
 ParOldGen       total 43008K, used 13309K [0x00000000c0c00000, 0x00000000c3600000, 0x00000000eae80000)
  object space 43008K, 30% used [0x00000000c0c00000,0x00000000c18ff690,0x00000000c3600000)
 PSPermGen       total 21504K, used 16068K [0x00000000bba00000, 0x00000000bcf00000, 0x00000000c0c00000)
  object space 21504K, 74% used [0x00000000bba00000,0x00000000bc9b1178,0x00000000bcf00000)
GC Heap History (4 events):
Event: 11.687 GC heap before
{Heap before GC invocations=1 (full 0):
 PSYoungGen      total 19456K, used 16653K [0x00000000eae80000, 0x00000000ec400000, 0x0000000100000000)
  eden space 16896K, 98% used [0x00000000eae80000,0x00000000ebec3510,0x00000000ebf00000)
  from space 2560K, 0% used [0x00000000ec180000,0x00000000ec180000,0x00000000ec400000)
  to   space 2560K, 0% used [0x00000000ebf00000,0x00000000ebf00000,0x00000000ec180000)
 ParOldGen       total 43008K, used 0K [0x00000000c0c00000, 0x00000000c3600000, 0x00000000eae80000)
  object space 43008K, 0% used [0x00000000c0c00000,0x00000000c0c00000,0x00000000c3600000)
 PSPermGen       total 21504K, used 15729K [0x00000000bba00000, 0x00000000bcf00000, 0x00000000c0c00000)
  object space 21504K, 73% used [0x00000000bba00000,0x00000000bc95c510,0x00000000bcf00000)
Event: 11.700 GC heap after
Heap after GC invocations=1 (full 0):
 PSYoungGen      total 19456K, used 2536K [0x00000000eae80000, 0x00000000ec400000, 0x0000000100000000)
  eden space 16896K, 0% used [0x00000000eae80000,0x00000000eae80000,0x00000000ebf00000)
  from space 2560K, 99% used [0x00000000ebf00000,0x00000000ec17a038,0x00000000ec180000)
  to   space 2560K, 0% used [0x00000000ec180000,0x00000000ec180000,0x00000000ec400000)
 ParOldGen       total 43008K, used 4373K [0x00000000c0c00000, 0x00000000c3600000, 0x00000000eae80000)
  object space 43008K, 10% used [0x00000000c0c00000,0x00000000c1045420,0x00000000c3600000)
 PSPermGen       total 21504K, used 15729K [0x00000000bba00000, 0x00000000bcf00000, 0x00000000c0c00000)
  object space 21504K, 73% used [0x00000000bba00000,0x00000000bc95c510,0x00000000bcf00000)
}
Event: 11.800 GC heap before
{Heap before GC invocations=2 (full 0):
 PSYoungGen      total 19456K, used 19432K [0x00000000eae80000, 0x00000000ec400000, 0x0000000100000000)
  eden space 16896K, 100% used [0x00000000eae80000,0x00000000ebf00000,0x00000000ebf00000)
  from space 2560K, 99% used [0x00000000ebf00000,0x00000000ec17a038,0x00000000ec180000)
  to   space 2560K, 0% used [0x00000000ec180000,0x00000000ec180000,0x00000000ec400000)
 ParOldGen       total 43008K, used 4373K [0x00000000c0c00000, 0x00000000c3600000, 0x00000000eae80000)
  object space 43008K, 10% used [0x00000000c0c00000,0x00000000c1045420,0x00000000c3600000)
 PSPermGen       total 21504K, used 15731K [0x00000000bba00000, 0x00000000bcf00000, 0x00000000c0c00000)
  object space 21504K, 73% used [0x00000000bba00000,0x00000000bc95cef0,0x00000000bcf00000)
Event: 11.809 GC heap after
Heap after GC invocations=2 (full 0):
 PSYoungGen      total 19456K, used 2242K [0x00000000eae80000, 0x00000000ed480000, 0x0000000100000000)
  eden space 16896K, 0% used [0x00000000eae80000,0x00000000eae80000,0x00000000ebf00000)
  from space 2560K, 87% used [0x00000000ec180000,0x00000000ec3b0838,0x00000000ec400000)
  to   space 2560K, 0% used [0x00000000ebf00000,0x00000000ebf00000,0x00000000ec180000)
 ParOldGen       total 43008K, used 13309K [0x00000000c0c00000, 0x00000000c3600000, 0x00000000eae80000)
  object space 43008K, 30% used [0x00000000c0c00000,0x00000000c18ff690,0x00000000c3600000)
 PSPermGen       total 21504K, used 15731K [0x00000000bba00000, 0x00000000bcf00000, 0x00000000c0c00000)
  object space 21504K, 73% used [0x00000000bba00000,0x00000000bc95cef0,0x00000000bcf00000)
}

